<?xml version="1.0" encoding="UTF-8"?>
<testsuite name="com.dws.challenge.ControllerTransferTest" tests="8" skipped="0" failures="0" errors="0" timestamp="2023-07-08T11:46:39" hostname="LAPTOP-T888RB22" time="0.297">
  <properties/>
  <testcase name="testTransferMoney_InvalidTargetAccount()" classname="com.dws.challenge.ControllerTransferTest" time="0.188"/>
  <testcase name="transferMoney_sameAccount()" classname="com.dws.challenge.ControllerTransferTest" time="0.008"/>
  <testcase name="transferMoney_accountNotFound()" classname="com.dws.challenge.ControllerTransferTest" time="0.01"/>
  <testcase name="transferMoney_insufficientBalance()" classname="com.dws.challenge.ControllerTransferTest" time="0.006"/>
  <testcase name="transferMoney_success()" classname="com.dws.challenge.ControllerTransferTest" time="0.037"/>
  <testcase name="transferMoney_negativeAmount()" classname="com.dws.challenge.ControllerTransferTest" time="0.005"/>
  <testcase name="testTransferMoney_InvalidSourceAccount()" classname="com.dws.challenge.ControllerTransferTest" time="0.007"/>
  <testcase name="transferMoney_success_multipleTransfers()" classname="com.dws.challenge.ControllerTransferTest" time="0.02"/>
  <system-out><![CDATA[17:16:36.446 [Test worker] DEBUG org.springframework.test.context.BootstrapUtils - Instantiating CacheAwareContextLoaderDelegate from class [org.springframework.test.context.cache.DefaultCacheAwareContextLoaderDelegate]
17:16:36.462 [Test worker] DEBUG org.springframework.test.context.BootstrapUtils - Instantiating BootstrapContext using constructor [public org.springframework.test.context.support.DefaultBootstrapContext(java.lang.Class,org.springframework.test.context.CacheAwareContextLoaderDelegate)]
17:16:36.504 [Test worker] DEBUG org.springframework.test.context.BootstrapUtils - Instantiating TestContextBootstrapper for test class [com.dws.challenge.ControllerTransferTest] from class [org.springframework.boot.test.autoconfigure.web.servlet.WebMvcTestContextBootstrapper]
17:16:36.517 [Test worker] INFO org.springframework.boot.test.autoconfigure.web.servlet.WebMvcTestContextBootstrapper - Neither @ContextConfiguration nor @ContextHierarchy found for test class [com.dws.challenge.ControllerTransferTest], using SpringBootContextLoader
17:16:36.523 [Test worker] DEBUG org.springframework.test.context.support.AbstractContextLoader - Did not detect default resource location for test class [com.dws.challenge.ControllerTransferTest]: class path resource [com/dws/challenge/ControllerTransferTest-context.xml] does not exist
17:16:36.524 [Test worker] DEBUG org.springframework.test.context.support.AbstractContextLoader - Did not detect default resource location for test class [com.dws.challenge.ControllerTransferTest]: class path resource [com/dws/challenge/ControllerTransferTestContext.groovy] does not exist
17:16:36.524 [Test worker] INFO org.springframework.test.context.support.AbstractContextLoader - Could not detect default resource locations for test class [com.dws.challenge.ControllerTransferTest]: no resource found for suffixes {-context.xml, Context.groovy}.
17:16:36.525 [Test worker] INFO org.springframework.test.context.support.AnnotationConfigContextLoaderUtils - Could not detect default configuration classes for test class [com.dws.challenge.ControllerTransferTest]: ControllerTransferTest does not declare any static, non-private, non-final, nested classes annotated with @Configuration.
17:16:36.620 [Test worker] DEBUG org.springframework.test.context.support.ActiveProfilesUtils - Could not find an 'annotation declaring class' for annotation type [org.springframework.test.context.ActiveProfiles] and class [com.dws.challenge.ControllerTransferTest]
17:16:36.676 [Test worker] DEBUG org.springframework.context.annotation.ClassPathScanningCandidateComponentProvider - Identified candidate component class: file [C:\Users\91996\OneDrive\Desktop\Task\DWS opportunity_ technical task\challenge\money_transfer\build\classes\java\main\com\dws\challenge\ChallengeApplication.class]
17:16:36.677 [Test worker] INFO org.springframework.boot.test.context.SpringBootTestContextBootstrapper - Found @SpringBootConfiguration com.dws.challenge.ChallengeApplication for test class com.dws.challenge.ControllerTransferTest
17:16:36.681 [Test worker] DEBUG org.springframework.boot.test.autoconfigure.web.servlet.WebMvcTestContextBootstrapper - @TestExecutionListeners is not present for class [com.dws.challenge.ControllerTransferTest]: using defaults.
17:16:36.682 [Test worker] INFO org.springframework.boot.test.autoconfigure.web.servlet.WebMvcTestContextBootstrapper - Loaded default TestExecutionListener class names from location [META-INF/spring.factories]: [org.springframework.boot.test.autoconfigure.restdocs.RestDocsTestExecutionListener, org.springframework.boot.test.autoconfigure.web.client.MockRestServiceServerResetTestExecutionListener, org.springframework.boot.test.autoconfigure.web.servlet.MockMvcPrintOnlyOnFailureTestExecutionListener, org.springframework.boot.test.autoconfigure.web.servlet.WebDriverTestExecutionListener, org.springframework.boot.test.autoconfigure.webservices.client.MockWebServiceServerTestExecutionListener, org.springframework.boot.test.mock.mockito.MockitoTestExecutionListener, org.springframework.boot.test.mock.mockito.ResetMocksTestExecutionListener, org.springframework.test.context.web.ServletTestExecutionListener, org.springframework.test.context.support.DirtiesContextBeforeModesTestExecutionListener, org.springframework.test.context.event.ApplicationEventsTestExecutionListener, org.springframework.test.context.support.DependencyInjectionTestExecutionListener, org.springframework.test.context.support.DirtiesContextTestExecutionListener, org.springframework.test.context.transaction.TransactionalTestExecutionListener, org.springframework.test.context.jdbc.SqlScriptsTestExecutionListener, org.springframework.test.context.event.EventPublishingTestExecutionListener]
17:16:36.698 [Test worker] DEBUG org.springframework.boot.test.autoconfigure.web.servlet.WebMvcTestContextBootstrapper - Skipping candidate TestExecutionListener [org.springframework.test.context.transaction.TransactionalTestExecutionListener] due to a missing dependency. Specify custom listener classes or make the default listener classes and their required dependencies available. Offending class: [org/springframework/transaction/interceptor/TransactionAttributeSource]
17:16:36.699 [Test worker] DEBUG org.springframework.boot.test.autoconfigure.web.servlet.WebMvcTestContextBootstrapper - Skipping candidate TestExecutionListener [org.springframework.test.context.jdbc.SqlScriptsTestExecutionListener] due to a missing dependency. Specify custom listener classes or make the default listener classes and their required dependencies available. Offending class: [org/springframework/transaction/interceptor/TransactionAttribute]
17:16:36.699 [Test worker] INFO org.springframework.boot.test.autoconfigure.web.servlet.WebMvcTestContextBootstrapper - Using TestExecutionListeners: [org.springframework.test.context.web.ServletTestExecutionListener@578524c3, org.springframework.test.context.support.DirtiesContextBeforeModesTestExecutionListener@64c2b546, org.springframework.test.context.event.ApplicationEventsTestExecutionListener@7e094740, org.springframework.boot.test.mock.mockito.MockitoTestExecutionListener@7a11c4c7, org.springframework.boot.test.autoconfigure.SpringBootDependencyInjectionTestExecutionListener@4cc547a, org.springframework.test.context.support.DirtiesContextTestExecutionListener@7555b920, org.springframework.test.context.event.EventPublishingTestExecutionListener@4152d38d, org.springframework.boot.test.autoconfigure.restdocs.RestDocsTestExecutionListener@3591009c, org.springframework.boot.test.autoconfigure.web.client.MockRestServiceServerResetTestExecutionListener@5398edd0, org.springframework.boot.test.autoconfigure.web.servlet.MockMvcPrintOnlyOnFailureTestExecutionListener@b5cc23a, org.springframework.boot.test.autoconfigure.web.servlet.WebDriverTestExecutionListener@5cc5b667, org.springframework.boot.test.autoconfigure.webservices.client.MockWebServiceServerTestExecutionListener@61edc883, org.springframework.boot.test.mock.mockito.ResetMocksTestExecutionListener@758f4f03]
17:16:36.704 [Test worker] DEBUG org.springframework.test.context.support.AbstractDirtiesContextTestExecutionListener - Before test class: context [DefaultTestContext@724bade8 testClass = ControllerTransferTest, testInstance = [null], testMethod = [null], testException = [null], mergedContextConfiguration = [WebMergedContextConfiguration@16fb356 testClass = ControllerTransferTest, locations = '{}', classes = '{class com.dws.challenge.ChallengeApplication}', contextInitializerClasses = '[]', activeProfiles = '{}', propertySourceLocations = '{}', propertySourceProperties = '{org.springframework.boot.test.autoconfigure.web.servlet.WebMvcTestContextBootstrapper=true}', contextCustomizers = set[org.springframework.boot.test.autoconfigure.OverrideAutoConfigurationContextCustomizerFactory$DisableAutoConfigurationContextCustomizer@1eb6749b, org.springframework.boot.test.autoconfigure.actuate.metrics.MetricsExportContextCustomizerFactory$DisableMetricExportContextCustomizer@30f5a68a, org.springframework.boot.test.autoconfigure.filter.TypeExcludeFiltersContextCustomizer@3e841287, org.springframework.boot.test.autoconfigure.properties.PropertyMappingContextCustomizer@f1f2a6ab, org.springframework.boot.test.autoconfigure.web.servlet.WebDriverContextCustomizerFactory$Customizer@6c8bca63, [ImportsContextCustomizer@6bc248ed key = [org.springframework.boot.autoconfigure.cache.CacheAutoConfiguration, org.springframework.boot.autoconfigure.context.MessageSourceAutoConfiguration, org.springframework.boot.autoconfigure.data.web.SpringDataWebAutoConfiguration, org.springframework.boot.autoconfigure.freemarker.FreeMarkerAutoConfiguration, org.springframework.boot.autoconfigure.groovy.template.GroovyTemplateAutoConfiguration, org.springframework.boot.autoconfigure.gson.GsonAutoConfiguration, org.springframework.boot.autoconfigure.hateoas.HypermediaAutoConfiguration, org.springframework.boot.autoconfigure.http.HttpMessageConvertersAutoConfiguration, org.springframework.boot.autoconfigure.jackson.JacksonAutoConfiguration, org.springframework.boot.autoconfigure.jsonb.JsonbAutoConfiguration, org.springframework.boot.autoconfigure.mustache.MustacheAutoConfiguration, org.springframework.boot.autoconfigure.task.TaskExecutionAutoConfiguration, org.springframework.boot.autoconfigure.thymeleaf.ThymeleafAutoConfiguration, org.springframework.boot.autoconfigure.validation.ValidationAutoConfiguration, org.springframework.boot.autoconfigure.web.servlet.error.ErrorMvcAutoConfiguration, org.springframework.boot.autoconfigure.web.servlet.HttpEncodingAutoConfiguration, org.springframework.boot.autoconfigure.web.servlet.WebMvcAutoConfiguration, org.springframework.boot.test.autoconfigure.web.servlet.MockMvcAutoConfiguration, org.springframework.boot.test.autoconfigure.web.servlet.MockMvcWebClientAutoConfiguration, org.springframework.boot.test.autoconfigure.web.servlet.MockMvcWebDriverAutoConfiguration, org.springframework.boot.autoconfigure.security.oauth2.client.servlet.OAuth2ClientAutoConfiguration, org.springframework.boot.autoconfigure.security.oauth2.resource.servlet.OAuth2ResourceServerAutoConfiguration, org.springframework.boot.autoconfigure.security.servlet.SecurityAutoConfiguration, org.springframework.boot.autoconfigure.security.servlet.SecurityFilterAutoConfiguration, org.springframework.boot.autoconfigure.security.servlet.UserDetailsServiceAutoConfiguration, org.springframework.boot.test.autoconfigure.web.servlet.MockMvcSecurityConfiguration, org.springframework.boot.test.autoconfigure.web.reactive.WebTestClientAutoConfiguration]], org.springframework.boot.test.context.filter.ExcludeFilterContextCustomizer@107ed6fc, org.springframework.boot.test.json.DuplicateJsonObjectContextCustomizerFactory$DuplicateJsonObjectContextCustomizer@2e029d61, org.springframework.boot.test.mock.mockito.MockitoContextCustomizer@b95b8e4e, org.springframework.boot.test.context.SpringBootTestArgs@1, org.springframework.boot.test.context.SpringBootTestWebEnvironment@0], resourceBasePath = 'src/main/webapp', contextLoader = 'org.springframework.boot.test.context.SpringBootContextLoader', parent = [null]], attributes = map[[empty]]], class annotated with @DirtiesContext [false] with mode [null].

  .   ____          _            __ _ _
 /\\ / ___'_ __ _ _(_)_ __  __ _ \ \ \ \
( ( )\___ | '_ | '_| | '_ \/ _` | \ \ \ \
 \\/  ___)| |_)| | | | | || (_| |  ) ) ) )
  '  |____| .__|_| |_|_| |_\__, | / / / /
 =========|_|==============|___/=/_/_/_/
 :: Spring Boot ::               (v2.7.13)

2023-07-08 17:16:37.220  INFO 28680 --- [    Test worker] c.dws.challenge.ControllerTransferTest   : Starting ControllerTransferTest using Java 11.0.18 on LAPTOP-T888RB22 with PID 28680 (started by 91996 in C:\Users\91996\OneDrive\Desktop\Task\DWS opportunity_ technical task\challenge\money_transfer)
2023-07-08 17:16:37.222  INFO 28680 --- [    Test worker] c.dws.challenge.ControllerTransferTest   : No active profile set, falling back to 1 default profile: "default"
2023-07-08 17:16:39.300  INFO 28680 --- [    Test worker] o.s.b.t.m.w.SpringBootMockServletContext : Initializing Spring TestDispatcherServlet ''
2023-07-08 17:16:39.300  INFO 28680 --- [    Test worker] o.s.t.web.servlet.TestDispatcherServlet  : Initializing Servlet ''
2023-07-08 17:16:39.302  INFO 28680 --- [    Test worker] o.s.t.web.servlet.TestDispatcherServlet  : Completed initialization in 2 ms
2023-07-08 17:16:39.340  INFO 28680 --- [    Test worker] c.dws.challenge.ControllerTransferTest   : Started ControllerTransferTest in 2.576 seconds (JVM running for 4.02)
]]></system-out>
  <system-err><![CDATA[]]></system-err>
</testsuite>
