<?xml version="1.0" encoding="UTF-8"?>
<testsuite name="com.dws.challenge.ControllerTransferTest" tests="1" skipped="0" failures="0" errors="0" timestamp="2023-07-05T07:05:04" hostname="LAPTOP-T888RB22" time="0.225">
  <properties/>
  <testcase name="transferMoney_success_multipleTransfers()" classname="com.dws.challenge.ControllerTransferTest" time="0.225"/>
  <system-out><![CDATA[12:35:01.463 [Test worker] DEBUG org.springframework.test.context.BootstrapUtils - Instantiating CacheAwareContextLoaderDelegate from class [org.springframework.test.context.cache.DefaultCacheAwareContextLoaderDelegate]
12:35:01.480 [Test worker] DEBUG org.springframework.test.context.BootstrapUtils - Instantiating BootstrapContext using constructor [public org.springframework.test.context.support.DefaultBootstrapContext(java.lang.Class,org.springframework.test.context.CacheAwareContextLoaderDelegate)]
12:35:01.526 [Test worker] DEBUG org.springframework.test.context.BootstrapUtils - Instantiating TestContextBootstrapper for test class [com.dws.challenge.ControllerTransferTest] from class [org.springframework.boot.test.autoconfigure.web.servlet.WebMvcTestContextBootstrapper]
12:35:01.544 [Test worker] INFO org.springframework.boot.test.autoconfigure.web.servlet.WebMvcTestContextBootstrapper - Neither @ContextConfiguration nor @ContextHierarchy found for test class [com.dws.challenge.ControllerTransferTest], using SpringBootContextLoader
12:35:01.550 [Test worker] DEBUG org.springframework.test.context.support.AbstractContextLoader - Did not detect default resource location for test class [com.dws.challenge.ControllerTransferTest]: class path resource [com/dws/challenge/ControllerTransferTest-context.xml] does not exist
12:35:01.551 [Test worker] DEBUG org.springframework.test.context.support.AbstractContextLoader - Did not detect default resource location for test class [com.dws.challenge.ControllerTransferTest]: class path resource [com/dws/challenge/ControllerTransferTestContext.groovy] does not exist
12:35:01.551 [Test worker] INFO org.springframework.test.context.support.AbstractContextLoader - Could not detect default resource locations for test class [com.dws.challenge.ControllerTransferTest]: no resource found for suffixes {-context.xml, Context.groovy}.
12:35:01.552 [Test worker] INFO org.springframework.test.context.support.AnnotationConfigContextLoaderUtils - Could not detect default configuration classes for test class [com.dws.challenge.ControllerTransferTest]: ControllerTransferTest does not declare any static, non-private, non-final, nested classes annotated with @Configuration.
12:35:01.655 [Test worker] DEBUG org.springframework.test.context.support.ActiveProfilesUtils - Could not find an 'annotation declaring class' for annotation type [org.springframework.test.context.ActiveProfiles] and class [com.dws.challenge.ControllerTransferTest]
12:35:01.719 [Test worker] DEBUG org.springframework.context.annotation.ClassPathScanningCandidateComponentProvider - Identified candidate component class: file [C:\Users\91996\OneDrive\Desktop\Task\DWS opportunity_ technical task\challenge\build\classes\java\main\com\dws\challenge\ChallengeApplication.class]
12:35:01.720 [Test worker] INFO org.springframework.boot.test.context.SpringBootTestContextBootstrapper - Found @SpringBootConfiguration com.dws.challenge.ChallengeApplication for test class com.dws.challenge.ControllerTransferTest
12:35:01.724 [Test worker] DEBUG org.springframework.boot.test.autoconfigure.web.servlet.WebMvcTestContextBootstrapper - @TestExecutionListeners is not present for class [com.dws.challenge.ControllerTransferTest]: using defaults.
12:35:01.725 [Test worker] INFO org.springframework.boot.test.autoconfigure.web.servlet.WebMvcTestContextBootstrapper - Loaded default TestExecutionListener class names from location [META-INF/spring.factories]: [org.springframework.boot.test.autoconfigure.restdocs.RestDocsTestExecutionListener, org.springframework.boot.test.autoconfigure.web.client.MockRestServiceServerResetTestExecutionListener, org.springframework.boot.test.autoconfigure.web.servlet.MockMvcPrintOnlyOnFailureTestExecutionListener, org.springframework.boot.test.autoconfigure.web.servlet.WebDriverTestExecutionListener, org.springframework.boot.test.autoconfigure.webservices.client.MockWebServiceServerTestExecutionListener, org.springframework.boot.test.mock.mockito.MockitoTestExecutionListener, org.springframework.boot.test.mock.mockito.ResetMocksTestExecutionListener, org.springframework.test.context.web.ServletTestExecutionListener, org.springframework.test.context.support.DirtiesContextBeforeModesTestExecutionListener, org.springframework.test.context.event.ApplicationEventsTestExecutionListener, org.springframework.test.context.support.DependencyInjectionTestExecutionListener, org.springframework.test.context.support.DirtiesContextTestExecutionListener, org.springframework.test.context.transaction.TransactionalTestExecutionListener, org.springframework.test.context.jdbc.SqlScriptsTestExecutionListener, org.springframework.test.context.event.EventPublishingTestExecutionListener]
12:35:01.743 [Test worker] DEBUG org.springframework.boot.test.autoconfigure.web.servlet.WebMvcTestContextBootstrapper - Skipping candidate TestExecutionListener [org.springframework.test.context.transaction.TransactionalTestExecutionListener] due to a missing dependency. Specify custom listener classes or make the default listener classes and their required dependencies available. Offending class: [org/springframework/transaction/interceptor/TransactionAttributeSource]
12:35:01.744 [Test worker] DEBUG org.springframework.boot.test.autoconfigure.web.servlet.WebMvcTestContextBootstrapper - Skipping candidate TestExecutionListener [org.springframework.test.context.jdbc.SqlScriptsTestExecutionListener] due to a missing dependency. Specify custom listener classes or make the default listener classes and their required dependencies available. Offending class: [org/springframework/transaction/interceptor/TransactionAttribute]
12:35:01.744 [Test worker] INFO org.springframework.boot.test.autoconfigure.web.servlet.WebMvcTestContextBootstrapper - Using TestExecutionListeners: [org.springframework.test.context.web.ServletTestExecutionListener@27e0f2f5, org.springframework.test.context.support.DirtiesContextBeforeModesTestExecutionListener@3574e198, org.springframework.test.context.event.ApplicationEventsTestExecutionListener@6db66836, org.springframework.boot.test.mock.mockito.MockitoTestExecutionListener@db44aa2, org.springframework.boot.test.autoconfigure.SpringBootDependencyInjectionTestExecutionListener@2de366bb, org.springframework.test.context.support.DirtiesContextTestExecutionListener@3f093abe, org.springframework.test.context.event.EventPublishingTestExecutionListener@61a002b1, org.springframework.boot.test.autoconfigure.restdocs.RestDocsTestExecutionListener@4eeea57d, org.springframework.boot.test.autoconfigure.web.client.MockRestServiceServerResetTestExecutionListener@780ec4a5, org.springframework.boot.test.autoconfigure.web.servlet.MockMvcPrintOnlyOnFailureTestExecutionListener@e24ddd0, org.springframework.boot.test.autoconfigure.web.servlet.WebDriverTestExecutionListener@6f70f32f, org.springframework.boot.test.autoconfigure.webservices.client.MockWebServiceServerTestExecutionListener@548e76f1, org.springframework.boot.test.mock.mockito.ResetMocksTestExecutionListener@5aabbb29]
12:35:01.750 [Test worker] DEBUG org.springframework.test.context.support.AbstractDirtiesContextTestExecutionListener - Before test class: context [DefaultTestContext@7927bd9f testClass = ControllerTransferTest, testInstance = [null], testMethod = [null], testException = [null], mergedContextConfiguration = [WebMergedContextConfiguration@532721fd testClass = ControllerTransferTest, locations = '{}', classes = '{class com.dws.challenge.ChallengeApplication}', contextInitializerClasses = '[]', activeProfiles = '{}', propertySourceLocations = '{}', propertySourceProperties = '{org.springframework.boot.test.autoconfigure.web.servlet.WebMvcTestContextBootstrapper=true}', contextCustomizers = set[org.springframework.boot.test.autoconfigure.OverrideAutoConfigurationContextCustomizerFactory$DisableAutoConfigurationContextCustomizer@50fe837a, org.springframework.boot.test.autoconfigure.actuate.metrics.MetricsExportContextCustomizerFactory$DisableMetricExportContextCustomizer@546ccad7, org.springframework.boot.test.autoconfigure.filter.TypeExcludeFiltersContextCustomizer@713725c5, org.springframework.boot.test.autoconfigure.properties.PropertyMappingContextCustomizer@f1f2a6ab, org.springframework.boot.test.autoconfigure.web.servlet.WebDriverContextCustomizerFactory$Customizer@38f57b3d, [ImportsContextCustomizer@410954b key = [org.springframework.boot.autoconfigure.cache.CacheAutoConfiguration, org.springframework.boot.autoconfigure.context.MessageSourceAutoConfiguration, org.springframework.boot.autoconfigure.data.web.SpringDataWebAutoConfiguration, org.springframework.boot.autoconfigure.freemarker.FreeMarkerAutoConfiguration, org.springframework.boot.autoconfigure.groovy.template.GroovyTemplateAutoConfiguration, org.springframework.boot.autoconfigure.gson.GsonAutoConfiguration, org.springframework.boot.autoconfigure.hateoas.HypermediaAutoConfiguration, org.springframework.boot.autoconfigure.http.HttpMessageConvertersAutoConfiguration, org.springframework.boot.autoconfigure.jackson.JacksonAutoConfiguration, org.springframework.boot.autoconfigure.jsonb.JsonbAutoConfiguration, org.springframework.boot.autoconfigure.mustache.MustacheAutoConfiguration, org.springframework.boot.autoconfigure.task.TaskExecutionAutoConfiguration, org.springframework.boot.autoconfigure.thymeleaf.ThymeleafAutoConfiguration, org.springframework.boot.autoconfigure.validation.ValidationAutoConfiguration, org.springframework.boot.autoconfigure.web.servlet.error.ErrorMvcAutoConfiguration, org.springframework.boot.autoconfigure.web.servlet.HttpEncodingAutoConfiguration, org.springframework.boot.autoconfigure.web.servlet.WebMvcAutoConfiguration, org.springframework.boot.test.autoconfigure.web.servlet.MockMvcAutoConfiguration, org.springframework.boot.test.autoconfigure.web.servlet.MockMvcWebClientAutoConfiguration, org.springframework.boot.test.autoconfigure.web.servlet.MockMvcWebDriverAutoConfiguration, org.springframework.boot.autoconfigure.security.oauth2.client.servlet.OAuth2ClientAutoConfiguration, org.springframework.boot.autoconfigure.security.oauth2.resource.servlet.OAuth2ResourceServerAutoConfiguration, org.springframework.boot.autoconfigure.security.servlet.SecurityAutoConfiguration, org.springframework.boot.autoconfigure.security.servlet.SecurityFilterAutoConfiguration, org.springframework.boot.autoconfigure.security.servlet.UserDetailsServiceAutoConfiguration, org.springframework.boot.test.autoconfigure.web.servlet.MockMvcSecurityConfiguration, org.springframework.boot.test.autoconfigure.web.reactive.WebTestClientAutoConfiguration]], org.springframework.boot.test.context.filter.ExcludeFilterContextCustomizer@63648ee9, org.springframework.boot.test.json.DuplicateJsonObjectContextCustomizerFactory$DuplicateJsonObjectContextCustomizer@7651218e, org.springframework.boot.test.mock.mockito.MockitoContextCustomizer@5937de3c, org.springframework.boot.test.context.SpringBootTestArgs@1, org.springframework.boot.test.context.SpringBootTestWebEnvironment@0], resourceBasePath = 'src/main/webapp', contextLoader = 'org.springframework.boot.test.context.SpringBootContextLoader', parent = [null]], attributes = map[[empty]]], class annotated with @DirtiesContext [false] with mode [null].

  .   ____          _            __ _ _
 /\\ / ___'_ __ _ _(_)_ __  __ _ \ \ \ \
( ( )\___ | '_ | '_| | '_ \/ _` | \ \ \ \
 \\/  ___)| |_)| | | | | || (_| |  ) ) ) )
  '  |____| .__|_| |_|_| |_\__, | / / / /
 =========|_|==============|___/=/_/_/_/
 :: Spring Boot ::               (v2.7.13)

2023-07-05 12:35:02.357  INFO 40408 --- [    Test worker] c.dws.challenge.ControllerTransferTest   : Starting ControllerTransferTest using Java 11.0.18 on LAPTOP-T888RB22 with PID 40408 (started by 91996 in C:\Users\91996\OneDrive\Desktop\Task\DWS opportunity_ technical task\challenge)
2023-07-05 12:35:02.358  INFO 40408 --- [    Test worker] c.dws.challenge.ControllerTransferTest   : No active profile set, falling back to 1 default profile: "default"
2023-07-05 12:35:04.581  INFO 40408 --- [    Test worker] o.s.b.t.m.w.SpringBootMockServletContext : Initializing Spring TestDispatcherServlet ''
2023-07-05 12:35:04.581  INFO 40408 --- [    Test worker] o.s.t.web.servlet.TestDispatcherServlet  : Initializing Servlet ''
2023-07-05 12:35:04.582  INFO 40408 --- [    Test worker] o.s.t.web.servlet.TestDispatcherServlet  : Completed initialization in 1 ms
2023-07-05 12:35:04.617  INFO 40408 --- [    Test worker] c.dws.challenge.ControllerTransferTest   : Started ControllerTransferTest in 2.799 seconds (JVM running for 4.669)
]]></system-out>
  <system-err><![CDATA[]]></system-err>
</testsuite>
